2025-08-21 22:23:42 INFO  [background-preinit] o.h.validator.internal.util.Version - HV000001: Hibernate Validator 8.0.1.Final
2025-08-21 22:23:42 INFO  [restartedMain] o.example.backend.BackendApplication - Starting BackendApplication using Java 17.0.15 with PID 14676 (E:\dinhduong\backend\target\classes started by Admin in E:\dinhduong\backend)
2025-08-21 22:23:42 INFO  [restartedMain] o.example.backend.BackendApplication - No active profile set, falling back to 1 default profile: "default"
2025-08-21 22:23:42 INFO  [restartedMain] o.s.b.d.e.DevToolsPropertyDefaultsPostProcessor - Devtools property defaults active! Set 'spring.devtools.add-properties' to 'false' to disable
2025-08-21 22:23:42 INFO  [restartedMain] o.s.b.d.e.DevToolsPropertyDefaultsPostProcessor - For additional web related logging consider setting the 'logging.level.web' property to 'DEBUG'
2025-08-21 22:23:44 INFO  [restartedMain] o.s.d.r.c.RepositoryConfigurationDelegate - Bootstrapping Spring Data JPA repositories in DEFAULT mode.
2025-08-21 22:23:44 INFO  [restartedMain] o.s.d.r.c.RepositoryConfigurationDelegate - Finished Spring Data repository scanning in 57 ms. Found 6 JPA repository interfaces.
2025-08-21 22:23:45 INFO  [restartedMain] o.s.b.w.e.tomcat.TomcatWebServer - Tomcat initialized with port 8080 (http)
2025-08-21 22:23:45 INFO  [restartedMain] o.a.coyote.http11.Http11NioProtocol - Initializing ProtocolHandler ["http-nio-8080"]
2025-08-21 22:23:45 INFO  [restartedMain] o.a.catalina.core.StandardService - Starting service [Tomcat]
2025-08-21 22:23:45 INFO  [restartedMain] o.a.catalina.core.StandardEngine - Starting Servlet engine: [Apache Tomcat/10.1.20]
2025-08-21 22:23:45 INFO  [restartedMain] o.a.c.c.C.[Tomcat].[localhost].[/] - Initializing Spring embedded WebApplicationContext
2025-08-21 22:23:45 INFO  [restartedMain] o.s.b.w.s.c.ServletWebServerApplicationContext - Root WebApplicationContext: initialization completed in 2262 ms
2025-08-21 22:23:45 INFO  [restartedMain] org.hibernate.Version - HHH000412: Hibernate ORM core version 6.4.4.Final
2025-08-21 22:23:45 INFO  [restartedMain] o.h.c.i.RegionFactoryInitiator - HHH000026: Second-level cache disabled
2025-08-21 22:23:45 INFO  [restartedMain] o.s.o.j.p.SpringPersistenceUnitInfo - No LoadTimeWeaver setup: ignoring JPA class transformer
2025-08-21 22:23:45 INFO  [restartedMain] com.zaxxer.hikari.HikariDataSource - HikariPool-1 - Starting...
2025-08-21 22:23:46 INFO  [restartedMain] com.zaxxer.hikari.pool.HikariPool - HikariPool-1 - Added connection com.mysql.cj.jdbc.ConnectionImpl@670f37e9
2025-08-21 22:23:46 INFO  [restartedMain] com.zaxxer.hikari.HikariDataSource - HikariPool-1 - Start completed.
2025-08-21 22:23:46 WARN  [restartedMain] org.hibernate.orm.deprecation - HHH90000025: MySQL8Dialect does not need to be specified explicitly using 'hibernate.dialect' (remove the property setting and it will be selected by default)
2025-08-21 22:23:46 WARN  [restartedMain] org.hibernate.orm.deprecation - HHH90000026: MySQL8Dialect has been deprecated; use org.hibernate.dialect.MySQLDialect instead
2025-08-21 22:23:47 INFO  [restartedMain] o.h.e.t.j.p.i.JtaPlatformInitiator - HHH000489: No JTA platform available (set 'hibernate.transaction.jta.platform' to enable JTA platform integration)
2025-08-21 22:23:47 INFO  [restartedMain] o.s.o.j.LocalContainerEntityManagerFactoryBean - Initialized JPA EntityManagerFactory for persistence unit 'default'
2025-08-21 22:23:47 INFO  [restartedMain] CustomOAuth2UserService - >>> CustomOAuth2UserService bean initialized
2025-08-21 22:23:48 WARN  [restartedMain] o.s.b.a.o.j.JpaBaseConfiguration$JpaWebConfiguration - spring.jpa.open-in-view is enabled by default. Therefore, database queries may be performed during view rendering. Explicitly configure spring.jpa.open-in-view to disable this warning
2025-08-21 22:23:48 INFO  [restartedMain] o.e.backend.config.SecurityConfig - ⚡ Bắt đầu cấu hình OAuth2 Login
2025-08-21 22:23:48 INFO  [restartedMain] o.s.s.web.DefaultSecurityFilterChain - Will secure any request with [org.springframework.security.web.session.DisableEncodeUrlFilter@5b66d5d6, org.springframework.security.web.context.request.async.WebAsyncManagerIntegrationFilter@1547cc9b, org.springframework.security.web.context.SecurityContextHolderFilter@2f22b1b7, org.springframework.security.web.header.HeaderWriterFilter@78f93000, org.springframework.web.filter.CorsFilter@33b8379f, org.springframework.security.web.authentication.logout.LogoutFilter@3bd4773c, org.springframework.security.oauth2.client.web.OAuth2AuthorizationRequestRedirectFilter@7b2e3f17, org.springframework.security.oauth2.client.web.OAuth2LoginAuthenticationFilter@66050d4c, org.example.backend.security.JwtFilter@e512669, org.springframework.security.web.savedrequest.RequestCacheAwareFilter@443af424, org.springframework.security.web.servletapi.SecurityContextHolderAwareRequestFilter@33ca1185, org.springframework.security.web.authentication.AnonymousAuthenticationFilter@3a647f3d, org.springframework.security.web.session.SessionManagementFilter@48b4e16d, org.springframework.security.web.access.ExceptionTranslationFilter@28ad0c54, org.springframework.security.web.access.intercept.AuthorizationFilter@7d1500a4]
2025-08-21 22:23:48 INFO  [restartedMain] o.s.b.d.a.OptionalLiveReloadServer - LiveReload server is running on port 35729
2025-08-21 22:23:48 INFO  [restartedMain] o.a.coyote.http11.Http11NioProtocol - Starting ProtocolHandler ["http-nio-8080"]
2025-08-21 22:23:48 INFO  [restartedMain] o.s.b.w.e.tomcat.TomcatWebServer - Tomcat started on port 8080 (http) with context path ''
2025-08-21 22:23:48 INFO  [restartedMain] o.example.backend.BackendApplication - Started BackendApplication in 6.562 seconds (process running for 8.209)
2025-08-21 22:24:14 INFO  [http-nio-8080-exec-2] o.a.c.c.C.[Tomcat].[localhost].[/] - Initializing Spring DispatcherServlet 'dispatcherServlet'
2025-08-21 22:24:14 INFO  [http-nio-8080-exec-2] o.s.web.servlet.DispatcherServlet - Initializing Servlet 'dispatcherServlet'
2025-08-21 22:24:14 INFO  [http-nio-8080-exec-2] o.s.web.servlet.DispatcherServlet - Completed initialization in 3 ms
2025-08-21 22:24:35 INFO  [SpringApplicationShutdownHook] o.s.o.j.LocalContainerEntityManagerFactoryBean - Closing JPA EntityManagerFactory for persistence unit 'default'
2025-08-21 22:24:35 INFO  [SpringApplicationShutdownHook] com.zaxxer.hikari.HikariDataSource - HikariPool-1 - Shutdown initiated...
2025-08-21 22:24:35 INFO  [SpringApplicationShutdownHook] com.zaxxer.hikari.HikariDataSource - HikariPool-1 - Shutdown completed.
